1706096393528	geckodriver	INFO	Listening on 127.0.0.1:52947
1706096396855	mozrunner::runner	INFO	Running command: "C:\\Program Files\\Mozilla Firefox\\firefox.exe" "--marionette" "--remote-debugging-port" "52948" "--remote-allow-hosts" "localhost" "-no-remote" "-profile" "C:\\Users\\PC\\AppData\\Local\\Temp\\rust_mozprofile08LSw0"
console.warn: services.settings: Ignoring preference override of remote settings server
console.warn: services.settings: Allow by setting MOZ_REMOTE_SETTINGS_DEVTOOLS=1 in the environment
1706096398091	Marionette	INFO	Marionette enabled
Dynamically enable window occlusion 0
1706096398402	Marionette	INFO	Listening on port 52958
WebDriver BiDi listening on ws://127.0.0.1:52948
Read port: 52958
1706096398975	RemoteAgent	WARN	TLS certificate errors will be ignored for this session
DevTools listening on ws://127.0.0.1:52948/devtools/browser/a01c9123-b5c5-43e1-b825-32774e1a142a
JavaScript error: https://www.n11.com/%20Chrome, line 168: ReferenceError: googletag is not defined
JavaScript error: https://www.n11.com/%20Chrome, line 183: ReferenceError: googletag is not defined
[GFX1-]: DCompositionSurface::BeginDraw failed: 0x8007000e Rect(x=525312, y=524800, w=325, h=512)
[GFX1-]: Handling webrender error 4
[GFX1-]: Fallback WR to SW-WR + D3D11
JavaScript error: , line 0: uncaught exception: out of memory
[GFX1-]: Failed to allocate Texture2D: Size(1024,512)
[GFX1-]: Hand[lGiFnXg1 -w]e:b rFeanidleerd  etror or 3allocate Texture2D: Size(1024,512)

[GFX1-]: Fallback SW-WR + D3D11 to SW-WR
[GFX1-]: GFX: D3D11 skip BeginFrame with device-removed.
[GFX1]: Failed to map tile: 0x887a0005
[GFX1-]: MapTile failed aValidRect: Rect(x=0, y=0, w=1024, h=512)
[GFX1]: Failed to map tile: 0x887a0005
[GFX1-]: MapTile failed aValidRect: Rect(x=0, y=0, w=342, h=512)
JavaScript error: https://pcdn.dengage.com/p/push/148/c89e71fb-6da3-4eb1-2479-4af53c45ae19/dengage_sdk.js, line 1: Error: Timeout: could not perform cross-storage:set
JavaScript error: https://pcdn.dengage.com/p/push/148/c89e71fb-6da3-4eb1-2479-4af53c45ae19/dengage_sdk.js, line 1: Error: Timeout: could not perform cross-storage:set
JavaScript error: https://pcdn.dengage.com/p/push/148/c89e71fb-6da3-4eb1-2479-4af53c45ae19/dengage_sdk.js, line 1: Error: Timeout: could not perform cross-storage:set
JavaScript error: https://pcdn.dengage.com/p/push/148/c89e71fb-6da3-4eb1-2479-4af53c45ae19/dengage_sdk.js, line 1: Error: Timeout: could not perform cross-storage:set
JavaScript error: https://pcdn.dengage.com/p/push/148/c89e71fb-6da3-4eb1-2479-4af53c45ae19/dengage_sdk.js, line 1: Error: Timeout: could not perform cross-storage:set
JavaScript error: https://pcdn.dengage.com/p/push/148/c89e71fb-6da3-4eb1-2479-4af53c45ae19/dengage_sdk.js, line 1: Error: Timeout: could not perform cross-storage:set
[GFX1-]: MapTile failed aValidRect: Rect(x=0, y=0, w=1024, h=226)
[GFX1-]: MapTile failed aValidRect: Rect(x=0, y=0, w=342, h=226)
[GFX1-]: wr_renderer_render: OutOfMemory
[GFX1-]: wr_renderer_render: OutOfMemory
[GFX1-]: GFX: RenderThread detected a device reset in PostUpdate
[GFX1-]: RenderCompositorSWGL failed mapping default framebuffer, no dt
[GFX1-]: wr_renderer_render: OutOfMemory
[GFX1-]: Handling webrender error 2
[GFX1-]: Fallback remains SW-WR
Marionette threw an error: <unprintable error>
console.error: "Marionette threw an error: <unprintable error>"
[GFX1-]: wr_renderer_render: OutOfMemory
[GFX1-]: Handling webrender error 2
1706096428368	addons.xpi	ERROR	System addon update list error SyntaxError: XMLHttpRequest.open: 'http://%(server)s/dummy-system-addons.xml' is not a valid URL.
1706096485883	Marionette	INFO	Stopped listening on port 52958
Dynamically enable window occlusion 1
Exiting due to channel error.
