1706098929823	geckodriver	INFO	Listening on 127.0.0.1:50504
1706098933254	mozrunner::runner	INFO	Running command: "C:\\Program Files\\Mozilla Firefox\\firefox.exe" "--marionette" "--remote-debugging-port" "50505" "--remote-allow-hosts" "localhost" "-no-remote" "-profile" "C:\\Users\\PC\\AppData\\Local\\Temp\\rust_mozprofilep6FgYm"
console.warn: services.settings: Ignoring preference override of remote settings server
console.warn: services.settings: Allow by setting MOZ_REMOTE_SETTINGS_DEVTOOLS=1 in the environment
1706098934119	Marionette	INFO	Marionette enabled
Dynamically enable window occlusion 0
1706098934415	Marionette	INFO	Listening on port 50513
WebDriver BiDi listening on ws://127.0.0.1:50505
Read port: 50513
1706098934920	RemoteAgent	WARN	TLS certificate errors will be ignored for this session
DevTools listening on ws://127.0.0.1:50505/devtools/browser/5d6cfc79-77ab-424a-9955-c46d4c29e845
JavaScript error: https://www.n11.com/%20chrome, line 168: ReferenceError: googletag is not defined
JavaScript error: https://www.n11.com/%20chrome, line 183: ReferenceError: googletag is not defined
JavaScript warning: https://n11-core.cbot.ai/js/widget/cbot-n11prod-generator.js?v=160923, line 1958: unreachable code after return statement
1706098947671	Marionette	INFO	Stopped listening on port 50513
JavaScript warning: https://n11scdn.akamaized.net/static/new-design/static/output/js/n11_1705389487023.js, line 1: Script terminated by timeout at:
X@https://n11scdn.akamaized.net/static/new-design/static/output/js/n11_1705389487023.js:1:32312
style@https://n11scdn.akamaized.net/static/new-design/static/output/js/n11_1705389487023.js:1:55021
css/<@https://n11scdn.akamaized.net/static/new-design/static/output/js/n11_1705389487023.js:1:56906
$@https://n11scdn.akamaized.net/static/new-design/static/output/js/n11_1705389487023.js:1:32147
css@https://n11scdn.akamaized.net/static/new-design/static/output/js/n11_1705389487023.js:1:56758
chatEndNotifier/<@https://n11-core.cbot.ai/js/widget/cbot-n11prod-generator.js?v=160923:5995:35

Dynamically enable window occlusion 1
